The target system is: Linux -  - aarch64
The host system is: Linux - 5.4.0-150-generic - x86_64
Compiling the C compiler identification source file "CMakeCCompilerId.c" succeeded.
Compiler: /opt/bstos/linux-23/sysroots/x86_64-bstsdk-linux/usr/bin/aarch64-bst-linux/aarch64-bst-linux-gcc --sysroot=/opt/bstos/linux-23/sysroots/aarch64-bst-linux
Build flags: ;-O2;-pipe;-g;-feliminate-unused-debug-types;
Id flags:  

The output was:
0


Compilation of the C compiler identification source "CMakeCCompilerId.c" produced "a.out"

The C compiler identification is GNU, found in "/workspace/model_encryption/build/CMakeFiles/3.18.2/CompilerIdC/a.out"

Compiling the CXX compiler identification source file "CMakeCXXCompilerId.cpp" succeeded.
Compiler: /opt/bstos/linux-23/sysroots/x86_64-bstsdk-linux/usr/bin/aarch64-bst-linux/aarch64-bst-linux-g++ --sysroot=/opt/bstos/linux-23/sysroots/aarch64-bst-linux
Build flags: ;-O2;-pipe;-g;-feliminate-unused-debug-types;
Id flags:  

The output was:
0


Compilation of the CXX compiler identification source "CMakeCXXCompilerId.cpp" produced "a.out"

The CXX compiler identification is GNU, found in "/workspace/model_encryption/build/CMakeFiles/3.18.2/CompilerIdCXX/a.out"

Detecting C compiler ABI info compiled with the following output:
Change Dir: /workspace/model_encryption/build/CMakeFiles/CMakeTmp

Run Build Command(s):/usr/bin/make cmTC_b7dc8/fast && /usr/bin/make  -f CMakeFiles/cmTC_b7dc8.dir/build.make CMakeFiles/cmTC_b7dc8.dir/build
make[1]: Entering directory '/workspace/model_encryption/build/CMakeFiles/CMakeTmp'
Building C object CMakeFiles/cmTC_b7dc8.dir/CMakeCCompilerABI.c.o
/opt/bstos/linux-23/sysroots/x86_64-bstsdk-linux/usr/bin/aarch64-bst-linux/aarch64-bst-linux-gcc   --sysroot=/opt/bstos/linux-23/sysroots/aarch64-bst-linux --sysroot=/opt/bstos/linux-23/sysroots/aarch64-bst-linux   -O2 -pipe -g -feliminate-unused-debug-types     -v -o CMakeFiles/cmTC_b7dc8.dir/CMakeCCompilerABI.c.o -c /opt/bstos/linux-23/sysroots/x86_64-bstsdk-linux/usr/share/cmake-3.18/Modules/CMakeCCompilerABI.c
Using built-in specs.
COLLECT_GCC=/opt/bstos/linux-23/sysroots/x86_64-bstsdk-linux/usr/bin/aarch64-bst-linux/aarch64-bst-linux-gcc
Target: aarch64-bst-linux
Configured with: ../../../../../../work-shared/gcc-8.3.0-r0/gcc-8.3.0/configure --build=x86_64-linux --host=x86_64-bstsdk-linux --target=aarch64-bst-linux --prefix=/opt/bstos/linux-23/sysroots/x86_64-bstsdk-linux/usr --exec_prefix=/opt/bstos/linux-23/sysroots/x86_64-bstsdk-linux/usr --bindir=/opt/bstos/linux-23/sysroots/x86_64-bstsdk-linux/usr/bin/aarch64-bst-linux --sbindir=/opt/bstos/linux-23/sysroots/x86_64-bstsdk-linux/usr/bin/aarch64-bst-linux --libexecdir=/opt/bstos/linux-23/sysroots/x86_64-bstsdk-linux/usr/libexec/aarch64-bst-linux --datadir=/opt/bstos/linux-23/sysroots/x86_64-bstsdk-linux/usr/share --sysconfdir=/opt/bstos/linux-23/sysroots/x86_64-bstsdk-linux/etc --sharedstatedir=/opt/bstos/linux-23/sysroots/x86_64-bstsdk-linux/com --localstatedir=/opt/bstos/linux-23/sysroots/x86_64-bstsdk-linux/var --libdir=/opt/bstos/linux-23/sysroots/x86_64-bstsdk-linux/usr/lib/aarch64-bst-linux --includedir=/opt/bstos/linux-23/sysroots/x86_64-bstsdk-linux/usr/include --oldincludedir=/opt/bstos/linux-23/sysroots/x86_64-bstsdk-linux/usr/include --infodir=/opt/bstos/linux-23/sysroots/x86_64-bstsdk-linux/usr/share/info --mandir=/opt/bstos/linux-23/sysroots/x86_64-bstsdk-linux/usr/share/man --disable-silent-rules --disable-dependency-tracking --with-libtool-sysroot=/home/jenkins.cd/jenkins_workspace/LINUX_SDK_build_sdk_flatpak/bstos/build/tmp/work/x86_64-nativesdk-bstsdk-linux/gcc-cross-canadian-aarch64/8.3.0-r0/recipe-sysroot --with-gnu-ld --enable-shared --enable-languages=c,c++,fortran --enable-threads=posix --enable-multilib --enable-c99 --enable-long-long --enable-symvers=gnu --enable-libstdcxx-pch --program-prefix=aarch64-bst-linux- --without-local-prefix --enable-lto --disable-libssp --enable-libitm --disable-bootstrap --disable-libmudflap --with-system-zlib --with-linker-hash-style=gnu --enable-linker-build-id --with-ppl=no --with-cloog=no --enable-checking=release --enable-cheaders=c_global --without-isl --with-gxx-include-dir=/not/exist/usr/include/c++/8.3.0 --with-build-time-tools=/home/jenkins.cd/jenkins_workspace/LINUX_SDK_build_sdk_flatpak/bstos/build/tmp/work/x86_64-nativesdk-bstsdk-linux/gcc-cross-canadian-aarch64/8.3.0-r0/recipe-sysroot-native/usr/aarch64-bst-linux/bin --with-sysroot=/not/exist --with-build-sysroot=/home/jenkins.cd/jenkins_workspace/LINUX_SDK_build_sdk_flatpak/bstos/build/tmp/work/x86_64-nativesdk-bstsdk-linux/gcc-cross-canadian-aarch64/8.3.0-r0/recipe-sysroot --without-long-double-128 libgcc_cv_powerpc_float128=no --enable-poison-system-directories --enable-nls --with-glibc-version=2.28 --enable-initfini-array --enable-__cxa_atexit
Thread model: posix
gcc version 8.3.0 (GCC) 
COLLECT_GCC_OPTIONS='--sysroot=/opt/bstos/linux-23/sysroots/aarch64-bst-linux' '-O2' '-pipe' '-g' '-feliminate-unused-debug-types' '-v' '-o' 'CMakeFiles/cmTC_b7dc8.dir/CMakeCCompilerABI.c.o' '-c' '-mlittle-endian' '-mabi=lp64'
 /opt/bstos/linux-23/sysroots/x86_64-bstsdk-linux/usr/libexec/aarch64-bst-linux/gcc/aarch64-bst-linux/8.3.0/cc1 -quiet -v -isysroot /opt/bstos/linux-23/sysroots/aarch64-bst-linux /opt/bstos/linux-23/sysroots/x86_64-bstsdk-linux/usr/share/cmake-3.18/Modules/CMakeCCompilerABI.c -quiet -dumpbase CMakeCCompilerABI.c -mlittle-endian -mabi=lp64 -auxbase-strip CMakeFiles/cmTC_b7dc8.dir/CMakeCCompilerABI.c.o -g -O2 -version -feliminate-unused-debug-types -o - |
 /opt/bstos/linux-23/sysroots/x86_64-bstsdk-linux/usr/libexec/aarch64-bst-linux/gcc/aarch64-bst-linux/8.3.0/as -v -EL -mabi=lp64 -o CMakeFiles/cmTC_b7dc8.dir/CMakeCCompilerABI.c.o
GNU assembler version 2.32.0 (aarch64-bst-linux) using BFD version (GNU Binutils) 2.32.0.20190204
GNU C17 (GCC) version 8.3.0 (aarch64-bst-linux)
	compiled by GNU C version 8.3.0, GMP version 6.1.2, MPFR version 4.0.2, MPC version 1.1.0, isl version none
GGC heuristics: --param ggc-min-expand=100 --param ggc-min-heapsize=131072
ignoring nonexistent directory "/opt/bstos/linux-23/sysroots/aarch64-bst-linux/usr/local/include"
ignoring nonexistent directory "/opt/bstos/linux-23/sysroots/x86_64-bstsdk-linux/usr/lib/aarch64-bst-linux/gcc/aarch64-bst-linux/8.3.0/../../../../../aarch64-bst-linux/include"
#include "..." search starts here:
#include <...> search starts here:
 /opt/bstos/linux-23/sysroots/x86_64-bstsdk-linux/usr/lib/aarch64-bst-linux/gcc/aarch64-bst-linux/8.3.0/include
 /opt/bstos/linux-23/sysroots/aarch64-bst-linux/usr/lib/gcc/aarch64-bst-linux/8.3.0/include
 /opt/bstos/linux-23/sysroots/x86_64-bstsdk-linux/usr/lib/aarch64-bst-linux/gcc/aarch64-bst-linux/8.3.0/include-fixed
 /opt/bstos/linux-23/sysroots/aarch64-bst-linux/usr/include/
End of search list.
GNU C17 (GCC) version 8.3.0 (aarch64-bst-linux)
	compiled by GNU C version 8.3.0, GMP version 6.1.2, MPFR version 4.0.2, MPC version 1.1.0, isl version none
GGC heuristics: --param ggc-min-expand=100 --param ggc-min-heapsize=131072
Compiler executable checksum: a1116005da0f42dc35b49bfa36aa146b
COMPILER_PATH=/opt/bstos/linux-23/sysroots/x86_64-bstsdk-linux/usr/libexec/aarch64-bst-linux/gcc/aarch64-bst-linux/8.3.0/:/opt/bstos/linux-23/sysroots/x86_64-bstsdk-linux/usr/libexec/aarch64-bst-linux/gcc/aarch64-bst-linux/8.3.0/:/opt/bstos/linux-23/sysroots/x86_64-bstsdk-linux/usr/libexec/aarch64-bst-linux/gcc/aarch64-bst-linux/:/opt/bstos/linux-23/sysroots/x86_64-bstsdk-linux/usr/lib/aarch64-bst-linux/gcc/aarch64-bst-linux/8.3.0/:/opt/bstos/linux-23/sysroots/x86_64-bstsdk-linux/usr/lib/aarch64-bst-linux/gcc/aarch64-bst-linux/
LIBRARY_PATH=/opt/bstos/linux-23/sysroots/x86_64-bstsdk-linux/usr/lib/aarch64-bst-linux/gcc/aarch64-bst-linux/8.3.0/:/opt/bstos/linux-23/sysroots/aarch64-bst-linux/lib/:/opt/bstos/linux-23/sysroots/aarch64-bst-linux/usr/lib/aarch64-bst-linux/8.3.0/:/opt/bstos/linux-23/sysroots/aarch64-bst-linux/usr/lib/
COLLECT_GCC_OPTIONS='--sysroot=/opt/bstos/linux-23/sysroots/aarch64-bst-linux' '-O2' '-pipe' '-g' '-feliminate-unused-debug-types' '-v' '-o' 'CMakeFiles/cmTC_b7dc8.dir/CMakeCCompilerABI.c.o' '-c' '-mlittle-endian' '-mabi=lp64'
Linking C executable cmTC_b7dc8
/opt/bstos/linux-23/sysroots/x86_64-bstsdk-linux/usr/bin/cmake -E cmake_link_script CMakeFiles/cmTC_b7dc8.dir/link.txt --verbose=1
/opt/bstos/linux-23/sysroots/x86_64-bstsdk-linux/usr/bin/aarch64-bst-linux/aarch64-bst-linux-gcc   --sysroot=/opt/bstos/linux-23/sysroots/aarch64-bst-linux --sysroot=/opt/bstos/linux-23/sysroots/aarch64-bst-linux  -O2 -pipe -g -feliminate-unused-debug-types   -Wl,-O1 -Wl,--hash-style=gnu -Wl,--as-needed -v CMakeFiles/cmTC_b7dc8.dir/CMakeCCompilerABI.c.o -o cmTC_b7dc8 
Using built-in specs.
COLLECT_GCC=/opt/bstos/linux-23/sysroots/x86_64-bstsdk-linux/usr/bin/aarch64-bst-linux/aarch64-bst-linux-gcc
COLLECT_LTO_WRAPPER=/opt/bstos/linux-23/sysroots/x86_64-bstsdk-linux/usr/libexec/aarch64-bst-linux/gcc/aarch64-bst-linux/8.3.0/lto-wrapper
Target: aarch64-bst-linux
Configured with: ../../../../../../work-shared/gcc-8.3.0-r0/gcc-8.3.0/configure --build=x86_64-linux --host=x86_64-bstsdk-linux --target=aarch64-bst-linux --prefix=/opt/bstos/linux-23/sysroots/x86_64-bstsdk-linux/usr --exec_prefix=/opt/bstos/linux-23/sysroots/x86_64-bstsdk-linux/usr --bindir=/opt/bstos/linux-23/sysroots/x86_64-bstsdk-linux/usr/bin/aarch64-bst-linux --sbindir=/opt/bstos/linux-23/sysroots/x86_64-bstsdk-linux/usr/bin/aarch64-bst-linux --libexecdir=/opt/bstos/linux-23/sysroots/x86_64-bstsdk-linux/usr/libexec/aarch64-bst-linux --datadir=/opt/bstos/linux-23/sysroots/x86_64-bstsdk-linux/usr/share --sysconfdir=/opt/bstos/linux-23/sysroots/x86_64-bstsdk-linux/etc --sharedstatedir=/opt/bstos/linux-23/sysroots/x86_64-bstsdk-linux/com --localstatedir=/opt/bstos/linux-23/sysroots/x86_64-bstsdk-linux/var --libdir=/opt/bstos/linux-23/sysroots/x86_64-bstsdk-linux/usr/lib/aarch64-bst-linux --includedir=/opt/bstos/linux-23/sysroots/x86_64-bstsdk-linux/usr/include --oldincludedir=/opt/bstos/linux-23/sysroots/x86_64-bstsdk-linux/usr/include --infodir=/opt/bstos/linux-23/sysroots/x86_64-bstsdk-linux/usr/share/info --mandir=/opt/bstos/linux-23/sysroots/x86_64-bstsdk-linux/usr/share/man --disable-silent-rules --disable-dependency-tracking --with-libtool-sysroot=/home/jenkins.cd/jenkins_workspace/LINUX_SDK_build_sdk_flatpak/bstos/build/tmp/work/x86_64-nativesdk-bstsdk-linux/gcc-cross-canadian-aarch64/8.3.0-r0/recipe-sysroot --with-gnu-ld --enable-shared --enable-languages=c,c++,fortran --enable-threads=posix --enable-multilib --enable-c99 --enable-long-long --enable-symvers=gnu --enable-libstdcxx-pch --program-prefix=aarch64-bst-linux- --without-local-prefix --enable-lto --disable-libssp --enable-libitm --disable-bootstrap --disable-libmudflap --with-system-zlib --with-linker-hash-style=gnu --enable-linker-build-id --with-ppl=no --with-cloog=no --enable-checking=release --enable-cheaders=c_global --without-isl --with-gxx-include-dir=/not/exist/usr/include/c++/8.3.0 --with-build-time-tools=/home/jenkins.cd/jenkins_workspace/LINUX_SDK_build_sdk_flatpak/bstos/build/tmp/work/x86_64-nativesdk-bstsdk-linux/gcc-cross-canadian-aarch64/8.3.0-r0/recipe-sysroot-native/usr/aarch64-bst-linux/bin --with-sysroot=/not/exist --with-build-sysroot=/home/jenkins.cd/jenkins_workspace/LINUX_SDK_build_sdk_flatpak/bstos/build/tmp/work/x86_64-nativesdk-bstsdk-linux/gcc-cross-canadian-aarch64/8.3.0-r0/recipe-sysroot --without-long-double-128 libgcc_cv_powerpc_float128=no --enable-poison-system-directories --enable-nls --with-glibc-version=2.28 --enable-initfini-array --enable-__cxa_atexit
Thread model: posix
gcc version 8.3.0 (GCC) 
COMPILER_PATH=/opt/bstos/linux-23/sysroots/x86_64-bstsdk-linux/usr/libexec/aarch64-bst-linux/gcc/aarch64-bst-linux/8.3.0/:/opt/bstos/linux-23/sysroots/x86_64-bstsdk-linux/usr/libexec/aarch64-bst-linux/gcc/aarch64-bst-linux/8.3.0/:/opt/bstos/linux-23/sysroots/x86_64-bstsdk-linux/usr/libexec/aarch64-bst-linux/gcc/aarch64-bst-linux/:/opt/bstos/linux-23/sysroots/x86_64-bstsdk-linux/usr/lib/aarch64-bst-linux/gcc/aarch64-bst-linux/8.3.0/:/opt/bstos/linux-23/sysroots/x86_64-bstsdk-linux/usr/lib/aarch64-bst-linux/gcc/aarch64-bst-linux/
LIBRARY_PATH=/opt/bstos/linux-23/sysroots/x86_64-bstsdk-linux/usr/lib/aarch64-bst-linux/gcc/aarch64-bst-linux/8.3.0/:/opt/bstos/linux-23/sysroots/aarch64-bst-linux/lib/:/opt/bstos/linux-23/sysroots/aarch64-bst-linux/usr/lib/aarch64-bst-linux/8.3.0/:/opt/bstos/linux-23/sysroots/aarch64-bst-linux/usr/lib/
COLLECT_GCC_OPTIONS='--sysroot=/opt/bstos/linux-23/sysroots/aarch64-bst-linux' '-O2' '-pipe' '-g' '-feliminate-unused-debug-types' '-v' '-o' 'cmTC_b7dc8' '-mlittle-endian' '-mabi=lp64'
 /opt/bstos/linux-23/sysroots/x86_64-bstsdk-linux/usr/libexec/aarch64-bst-linux/gcc/aarch64-bst-linux/8.3.0/collect2 -plugin /opt/bstos/linux-23/sysroots/x86_64-bstsdk-linux/usr/libexec/aarch64-bst-linux/gcc/aarch64-bst-linux/8.3.0/liblto_plugin.so -plugin-opt=/opt/bstos/linux-23/sysroots/x86_64-bstsdk-linux/usr/libexec/aarch64-bst-linux/gcc/aarch64-bst-linux/8.3.0/lto-wrapper -plugin-opt=-fresolution=/tmp/ccIoHSlh.res -plugin-opt=-pass-through=-lgcc -plugin-opt=-pass-through=-lgcc_s -plugin-opt=-pass-through=-lc -plugin-opt=-pass-through=-lgcc -plugin-opt=-pass-through=-lgcc_s --sysroot=/opt/bstos/linux-23/sysroots/aarch64-bst-linux --build-id --eh-frame-hdr --hash-style=gnu -dynamic-linker /lib/ld-linux-aarch64.so.1 -X -EL -maarch64linux -o cmTC_b7dc8 /opt/bstos/linux-23/sysroots/aarch64-bst-linux/usr/lib/crt1.o /opt/bstos/linux-23/sysroots/aarch64-bst-linux/usr/lib/crti.o /opt/bstos/linux-23/sysroots/aarch64-bst-linux/usr/lib/aarch64-bst-linux/8.3.0/crtbegin.o -L/opt/bstos/linux-23/sysroots/x86_64-bstsdk-linux/usr/lib/aarch64-bst-linux/gcc/aarch64-bst-linux/8.3.0 -L/opt/bstos/linux-23/sysroots/aarch64-bst-linux/lib -L/opt/bstos/linux-23/sysroots/aarch64-bst-linux/usr/lib/aarch64-bst-linux/8.3.0 -L/opt/bstos/linux-23/sysroots/aarch64-bst-linux/usr/lib -O1 --hash-style=gnu --as-needed CMakeFiles/cmTC_b7dc8.dir/CMakeCCompilerABI.c.o -lgcc --as-needed -lgcc_s --no-as-needed -lc -lgcc --as-needed -lgcc_s --no-as-needed /opt/bstos/linux-23/sysroots/aarch64-bst-linux/usr/lib/aarch64-bst-linux/8.3.0/crtend.o /opt/bstos/linux-23/sysroots/aarch64-bst-linux/usr/lib/crtn.o
COLLECT_GCC_OPTIONS='--sysroot=/opt/bstos/linux-23/sysroots/aarch64-bst-linux' '-O2' '-pipe' '-g' '-feliminate-unused-debug-types' '-v' '-o' 'cmTC_b7dc8' '-mlittle-endian' '-mabi=lp64'
make[1]: Leaving directory '/workspace/model_encryption/build/CMakeFiles/CMakeTmp'



Parsed C implicit include dir info from above output: rv=done
  found start of include info
  found start of implicit include info
    add: [/opt/bstos/linux-23/sysroots/x86_64-bstsdk-linux/usr/lib/aarch64-bst-linux/gcc/aarch64-bst-linux/8.3.0/include]
    add: [/opt/bstos/linux-23/sysroots/aarch64-bst-linux/usr/lib/gcc/aarch64-bst-linux/8.3.0/include]
    add: [/opt/bstos/linux-23/sysroots/x86_64-bstsdk-linux/usr/lib/aarch64-bst-linux/gcc/aarch64-bst-linux/8.3.0/include-fixed]
    add: [/opt/bstos/linux-23/sysroots/aarch64-bst-linux/usr/include/]
  end of search list found
  collapse include dir [/opt/bstos/linux-23/sysroots/x86_64-bstsdk-linux/usr/lib/aarch64-bst-linux/gcc/aarch64-bst-linux/8.3.0/include] ==> [/opt/bstos/linux-23/sysroots/x86_64-bstsdk-linux/usr/lib/aarch64-bst-linux/gcc/aarch64-bst-linux/8.3.0/include]
  collapse include dir [/opt/bstos/linux-23/sysroots/aarch64-bst-linux/usr/lib/gcc/aarch64-bst-linux/8.3.0/include] ==> [/opt/bstos/linux-23/sysroots/aarch64-bst-linux/usr/lib/gcc/aarch64-bst-linux/8.3.0/include]
  collapse include dir [/opt/bstos/linux-23/sysroots/x86_64-bstsdk-linux/usr/lib/aarch64-bst-linux/gcc/aarch64-bst-linux/8.3.0/include-fixed] ==> [/opt/bstos/linux-23/sysroots/x86_64-bstsdk-linux/usr/lib/aarch64-bst-linux/gcc/aarch64-bst-linux/8.3.0/include-fixed]
  collapse include dir [/opt/bstos/linux-23/sysroots/aarch64-bst-linux/usr/include/] ==> [/opt/bstos/linux-23/sysroots/aarch64-bst-linux/usr/include]
  implicit include dirs: [/opt/bstos/linux-23/sysroots/x86_64-bstsdk-linux/usr/lib/aarch64-bst-linux/gcc/aarch64-bst-linux/8.3.0/include;/opt/bstos/linux-23/sysroots/aarch64-bst-linux/usr/lib/gcc/aarch64-bst-linux/8.3.0/include;/opt/bstos/linux-23/sysroots/x86_64-bstsdk-linux/usr/lib/aarch64-bst-linux/gcc/aarch64-bst-linux/8.3.0/include-fixed;/opt/bstos/linux-23/sysroots/aarch64-bst-linux/usr/include]


Parsed C implicit link information from above output:
  link line regex: [^( *|.*[/\])(aarch64-bst-linux-ld|CMAKE_LINK_STARTFILE-NOTFOUND|([^/\]+-)?ld|collect2)[^/\]*( |$)]
  ignore line: [Change Dir: /workspace/model_encryption/build/CMakeFiles/CMakeTmp]
  ignore line: []
  ignore line: [Run Build Command(s):/usr/bin/make cmTC_b7dc8/fast && /usr/bin/make  -f CMakeFiles/cmTC_b7dc8.dir/build.make CMakeFiles/cmTC_b7dc8.dir/build]
  ignore line: [make[1]: Entering directory '/workspace/model_encryption/build/CMakeFiles/CMakeTmp']
  ignore line: [Building C object CMakeFiles/cmTC_b7dc8.dir/CMakeCCompilerABI.c.o]
  ignore line: [/opt/bstos/linux-23/sysroots/x86_64-bstsdk-linux/usr/bin/aarch64-bst-linux/aarch64-bst-linux-gcc   --sysroot=/opt/bstos/linux-23/sysroots/aarch64-bst-linux --sysroot=/opt/bstos/linux-23/sysroots/aarch64-bst-linux   -O2 -pipe -g -feliminate-unused-debug-types     -v -o CMakeFiles/cmTC_b7dc8.dir/CMakeCCompilerABI.c.o -c /opt/bstos/linux-23/sysroots/x86_64-bstsdk-linux/usr/share/cmake-3.18/Modules/CMakeCCompilerABI.c]
  ignore line: [Using built-in specs.]
  ignore line: [COLLECT_GCC=/opt/bstos/linux-23/sysroots/x86_64-bstsdk-linux/usr/bin/aarch64-bst-linux/aarch64-bst-linux-gcc]
  ignore line: [Target: aarch64-bst-linux]
  ignore line: [Configured with: ../../../../../../work-shared/gcc-8.3.0-r0/gcc-8.3.0/configure --build=x86_64-linux --host=x86_64-bstsdk-linux --target=aarch64-bst-linux --prefix=/opt/bstos/linux-23/sysroots/x86_64-bstsdk-linux/usr --exec_prefix=/opt/bstos/linux-23/sysroots/x86_64-bstsdk-linux/usr --bindir=/opt/bstos/linux-23/sysroots/x86_64-bstsdk-linux/usr/bin/aarch64-bst-linux --sbindir=/opt/bstos/linux-23/sysroots/x86_64-bstsdk-linux/usr/bin/aarch64-bst-linux --libexecdir=/opt/bstos/linux-23/sysroots/x86_64-bstsdk-linux/usr/libexec/aarch64-bst-linux --datadir=/opt/bstos/linux-23/sysroots/x86_64-bstsdk-linux/usr/share --sysconfdir=/opt/bstos/linux-23/sysroots/x86_64-bstsdk-linux/etc --sharedstatedir=/opt/bstos/linux-23/sysroots/x86_64-bstsdk-linux/com --localstatedir=/opt/bstos/linux-23/sysroots/x86_64-bstsdk-linux/var --libdir=/opt/bstos/linux-23/sysroots/x86_64-bstsdk-linux/usr/lib/aarch64-bst-linux --includedir=/opt/bstos/linux-23/sysroots/x86_64-bstsdk-linux/usr/include --oldincludedir=/opt/bstos/linux-23/sysroots/x86_64-bstsdk-linux/usr/include --infodir=/opt/bstos/linux-23/sysroots/x86_64-bstsdk-linux/usr/share/info --mandir=/opt/bstos/linux-23/sysroots/x86_64-bstsdk-linux/usr/share/man --disable-silent-rules --disable-dependency-tracking --with-libtool-sysroot=/home/jenkins.cd/jenkins_workspace/LINUX_SDK_build_sdk_flatpak/bstos/build/tmp/work/x86_64-nativesdk-bstsdk-linux/gcc-cross-canadian-aarch64/8.3.0-r0/recipe-sysroot --with-gnu-ld --enable-shared --enable-languages=c,c++,fortran --enable-threads=posix --enable-multilib --enable-c99 --enable-long-long --enable-symvers=gnu --enable-libstdcxx-pch --program-prefix=aarch64-bst-linux- --without-local-prefix --enable-lto --disable-libssp --enable-libitm --disable-bootstrap --disable-libmudflap --with-system-zlib --with-linker-hash-style=gnu --enable-linker-build-id --with-ppl=no --with-cloog=no --enable-checking=release --enable-cheaders=c_global --without-isl --with-gxx-include-dir=/not/exist/usr/include/c++/8.3.0 --with-build-time-tools=/home/jenkins.cd/jenkins_workspace/LINUX_SDK_build_sdk_flatpak/bstos/build/tmp/work/x86_64-nativesdk-bstsdk-linux/gcc-cross-canadian-aarch64/8.3.0-r0/recipe-sysroot-native/usr/aarch64-bst-linux/bin --with-sysroot=/not/exist --with-build-sysroot=/home/jenkins.cd/jenkins_workspace/LINUX_SDK_build_sdk_flatpak/bstos/build/tmp/work/x86_64-nativesdk-bstsdk-linux/gcc-cross-canadian-aarch64/8.3.0-r0/recipe-sysroot --without-long-double-128 libgcc_cv_powerpc_float128=no --enable-poison-system-directories --enable-nls --with-glibc-version=2.28 --enable-initfini-array --enable-__cxa_atexit]
  ignore line: [Thread model: posix]
  ignore line: [gcc version 8.3.0 (GCC) ]
  ignore line: [COLLECT_GCC_OPTIONS='--sysroot=/opt/bstos/linux-23/sysroots/aarch64-bst-linux' '-O2' '-pipe' '-g' '-feliminate-unused-debug-types' '-v' '-o' 'CMakeFiles/cmTC_b7dc8.dir/CMakeCCompilerABI.c.o' '-c' '-mlittle-endian' '-mabi=lp64']
  ignore line: [ /opt/bstos/linux-23/sysroots/x86_64-bstsdk-linux/usr/libexec/aarch64-bst-linux/gcc/aarch64-bst-linux/8.3.0/cc1 -quiet -v -isysroot /opt/bstos/linux-23/sysroots/aarch64-bst-linux /opt/bstos/linux-23/sysroots/x86_64-bstsdk-linux/usr/share/cmake-3.18/Modules/CMakeCCompilerABI.c -quiet -dumpbase CMakeCCompilerABI.c -mlittle-endian -mabi=lp64 -auxbase-strip CMakeFiles/cmTC_b7dc8.dir/CMakeCCompilerABI.c.o -g -O2 -version -feliminate-unused-debug-types -o - |]
  ignore line: [ /opt/bstos/linux-23/sysroots/x86_64-bstsdk-linux/usr/libexec/aarch64-bst-linux/gcc/aarch64-bst-linux/8.3.0/as -v -EL -mabi=lp64 -o CMakeFiles/cmTC_b7dc8.dir/CMakeCCompilerABI.c.o]
  ignore line: [GNU assembler version 2.32.0 (aarch64-bst-linux) using BFD version (GNU Binutils) 2.32.0.20190204]
  ignore line: [GNU C17 (GCC) version 8.3.0 (aarch64-bst-linux)]
  ignore line: [	compiled by GNU C version 8.3.0  GMP version 6.1.2  MPFR version 4.0.2  MPC version 1.1.0  isl version none]
  ignore line: [GGC heuristics: --param ggc-min-expand=100 --param ggc-min-heapsize=131072]
  ignore line: [ignoring nonexistent directory "/opt/bstos/linux-23/sysroots/aarch64-bst-linux/usr/local/include"]
  ignore line: [ignoring nonexistent directory "/opt/bstos/linux-23/sysroots/x86_64-bstsdk-linux/usr/lib/aarch64-bst-linux/gcc/aarch64-bst-linux/8.3.0/../../../../../aarch64-bst-linux/include"]
  ignore line: [#include "..." search starts here:]
  ignore line: [#include <...> search starts here:]
  ignore line: [ /opt/bstos/linux-23/sysroots/x86_64-bstsdk-linux/usr/lib/aarch64-bst-linux/gcc/aarch64-bst-linux/8.3.0/include]
  ignore line: [ /opt/bstos/linux-23/sysroots/aarch64-bst-linux/usr/lib/gcc/aarch64-bst-linux/8.3.0/include]
  ignore line: [ /opt/bstos/linux-23/sysroots/x86_64-bstsdk-linux/usr/lib/aarch64-bst-linux/gcc/aarch64-bst-linux/8.3.0/include-fixed]
  ignore line: [ /opt/bstos/linux-23/sysroots/aarch64-bst-linux/usr/include/]
  ignore line: [End of search list.]
  ignore line: [GNU C17 (GCC) version 8.3.0 (aarch64-bst-linux)]
  ignore line: [	compiled by GNU C version 8.3.0  GMP version 6.1.2  MPFR version 4.0.2  MPC version 1.1.0  isl version none]
  ignore line: [GGC heuristics: --param ggc-min-expand=100 --param ggc-min-heapsize=131072]
  ignore line: [Compiler executable checksum: a1116005da0f42dc35b49bfa36aa146b]
  ignore line: [COMPILER_PATH=/opt/bstos/linux-23/sysroots/x86_64-bstsdk-linux/usr/libexec/aarch64-bst-linux/gcc/aarch64-bst-linux/8.3.0/:/opt/bstos/linux-23/sysroots/x86_64-bstsdk-linux/usr/libexec/aarch64-bst-linux/gcc/aarch64-bst-linux/8.3.0/:/opt/bstos/linux-23/sysroots/x86_64-bstsdk-linux/usr/libexec/aarch64-bst-linux/gcc/aarch64-bst-linux/:/opt/bstos/linux-23/sysroots/x86_64-bstsdk-linux/usr/lib/aarch64-bst-linux/gcc/aarch64-bst-linux/8.3.0/:/opt/bstos/linux-23/sysroots/x86_64-bstsdk-linux/usr/lib/aarch64-bst-linux/gcc/aarch64-bst-linux/]
  ignore line: [LIBRARY_PATH=/opt/bstos/linux-23/sysroots/x86_64-bstsdk-linux/usr/lib/aarch64-bst-linux/gcc/aarch64-bst-linux/8.3.0/:/opt/bstos/linux-23/sysroots/aarch64-bst-linux/lib/:/opt/bstos/linux-23/sysroots/aarch64-bst-linux/usr/lib/aarch64-bst-linux/8.3.0/:/opt/bstos/linux-23/sysroots/aarch64-bst-linux/usr/lib/]
  ignore line: [COLLECT_GCC_OPTIONS='--sysroot=/opt/bstos/linux-23/sysroots/aarch64-bst-linux' '-O2' '-pipe' '-g' '-feliminate-unused-debug-types' '-v' '-o' 'CMakeFiles/cmTC_b7dc8.dir/CMakeCCompilerABI.c.o' '-c' '-mlittle-endian' '-mabi=lp64']
  ignore line: [Linking C executable cmTC_b7dc8]
  ignore line: [/opt/bstos/linux-23/sysroots/x86_64-bstsdk-linux/usr/bin/cmake -E cmake_link_script CMakeFiles/cmTC_b7dc8.dir/link.txt --verbose=1]
  ignore line: [/opt/bstos/linux-23/sysroots/x86_64-bstsdk-linux/usr/bin/aarch64-bst-linux/aarch64-bst-linux-gcc   --sysroot=/opt/bstos/linux-23/sysroots/aarch64-bst-linux --sysroot=/opt/bstos/linux-23/sysroots/aarch64-bst-linux  -O2 -pipe -g -feliminate-unused-debug-types   -Wl -O1 -Wl --hash-style=gnu -Wl --as-needed -v CMakeFiles/cmTC_b7dc8.dir/CMakeCCompilerABI.c.o -o cmTC_b7dc8 ]
  ignore line: [Using built-in specs.]
  ignore line: [COLLECT_GCC=/opt/bstos/linux-23/sysroots/x86_64-bstsdk-linux/usr/bin/aarch64-bst-linux/aarch64-bst-linux-gcc]
  ignore line: [COLLECT_LTO_WRAPPER=/opt/bstos/linux-23/sysroots/x86_64-bstsdk-linux/usr/libexec/aarch64-bst-linux/gcc/aarch64-bst-linux/8.3.0/lto-wrapper]
  ignore line: [Target: aarch64-bst-linux]
  ignore line: [Configured with: ../../../../../../work-shared/gcc-8.3.0-r0/gcc-8.3.0/configure --build=x86_64-linux --host=x86_64-bstsdk-linux --target=aarch64-bst-linux --prefix=/opt/bstos/linux-23/sysroots/x86_64-bstsdk-linux/usr --exec_prefix=/opt/bstos/linux-23/sysroots/x86_64-bstsdk-linux/usr --bindir=/opt/bstos/linux-23/sysroots/x86_64-bstsdk-linux/usr/bin/aarch64-bst-linux --sbindir=/opt/bstos/linux-23/sysroots/x86_64-bstsdk-linux/usr/bin/aarch64-bst-linux --libexecdir=/opt/bstos/linux-23/sysroots/x86_64-bstsdk-linux/usr/libexec/aarch64-bst-linux --datadir=/opt/bstos/linux-23/sysroots/x86_64-bstsdk-linux/usr/share --sysconfdir=/opt/bstos/linux-23/sysroots/x86_64-bstsdk-linux/etc --sharedstatedir=/opt/bstos/linux-23/sysroots/x86_64-bstsdk-linux/com --localstatedir=/opt/bstos/linux-23/sysroots/x86_64-bstsdk-linux/var --libdir=/opt/bstos/linux-23/sysroots/x86_64-bstsdk-linux/usr/lib/aarch64-bst-linux --includedir=/opt/bstos/linux-23/sysroots/x86_64-bstsdk-linux/usr/include --oldincludedir=/opt/bstos/linux-23/sysroots/x86_64-bstsdk-linux/usr/include --infodir=/opt/bstos/linux-23/sysroots/x86_64-bstsdk-linux/usr/share/info --mandir=/opt/bstos/linux-23/sysroots/x86_64-bstsdk-linux/usr/share/man --disable-silent-rules --disable-dependency-tracking --with-libtool-sysroot=/home/jenkins.cd/jenkins_workspace/LINUX_SDK_build_sdk_flatpak/bstos/build/tmp/work/x86_64-nativesdk-bstsdk-linux/gcc-cross-canadian-aarch64/8.3.0-r0/recipe-sysroot --with-gnu-ld --enable-shared --enable-languages=c,c++,fortran --enable-threads=posix --enable-multilib --enable-c99 --enable-long-long --enable-symvers=gnu --enable-libstdcxx-pch --program-prefix=aarch64-bst-linux- --without-local-prefix --enable-lto --disable-libssp --enable-libitm --disable-bootstrap --disable-libmudflap --with-system-zlib --with-linker-hash-style=gnu --enable-linker-build-id --with-ppl=no --with-cloog=no --enable-checking=release --enable-cheaders=c_global --without-isl --with-gxx-include-dir=/not/exist/usr/include/c++/8.3.0 --with-build-time-tools=/home/jenkins.cd/jenkins_workspace/LINUX_SDK_build_sdk_flatpak/bstos/build/tmp/work/x86_64-nativesdk-bstsdk-linux/gcc-cross-canadian-aarch64/8.3.0-r0/recipe-sysroot-native/usr/aarch64-bst-linux/bin --with-sysroot=/not/exist --with-build-sysroot=/home/jenkins.cd/jenkins_workspace/LINUX_SDK_build_sdk_flatpak/bstos/build/tmp/work/x86_64-nativesdk-bstsdk-linux/gcc-cross-canadian-aarch64/8.3.0-r0/recipe-sysroot --without-long-double-128 libgcc_cv_powerpc_float128=no --enable-poison-system-directories --enable-nls --with-glibc-version=2.28 --enable-initfini-array --enable-__cxa_atexit]
  ignore line: [Thread model: posix]
  ignore line: [gcc version 8.3.0 (GCC) ]
  ignore line: [COMPILER_PATH=/opt/bstos/linux-23/sysroots/x86_64-bstsdk-linux/usr/libexec/aarch64-bst-linux/gcc/aarch64-bst-linux/8.3.0/:/opt/bstos/linux-23/sysroots/x86_64-bstsdk-linux/usr/libexec/aarch64-bst-linux/gcc/aarch64-bst-linux/8.3.0/:/opt/bstos/linux-23/sysroots/x86_64-bstsdk-linux/usr/libexec/aarch64-bst-linux/gcc/aarch64-bst-linux/:/opt/bstos/linux-23/sysroots/x86_64-bstsdk-linux/usr/lib/aarch64-bst-linux/gcc/aarch64-bst-linux/8.3.0/:/opt/bstos/linux-23/sysroots/x86_64-bstsdk-linux/usr/lib/aarch64-bst-linux/gcc/aarch64-bst-linux/]
  ignore line: [LIBRARY_PATH=/opt/bstos/linux-23/sysroots/x86_64-bstsdk-linux/usr/lib/aarch64-bst-linux/gcc/aarch64-bst-linux/8.3.0/:/opt/bstos/linux-23/sysroots/aarch64-bst-linux/lib/:/opt/bstos/linux-23/sysroots/aarch64-bst-linux/usr/lib/aarch64-bst-linux/8.3.0/:/opt/bstos/linux-23/sysroots/aarch64-bst-linux/usr/lib/]
  ignore line: [COLLECT_GCC_OPTIONS='--sysroot=/opt/bstos/linux-23/sysroots/aarch64-bst-linux' '-O2' '-pipe' '-g' '-feliminate-unused-debug-types' '-v' '-o' 'cmTC_b7dc8' '-mlittle-endian' '-mabi=lp64']
  link line: [ /opt/bstos/linux-23/sysroots/x86_64-bstsdk-linux/usr/libexec/aarch64-bst-linux/gcc/aarch64-bst-linux/8.3.0/collect2 -plugin /opt/bstos/linux-23/sysroots/x86_64-bstsdk-linux/usr/libexec/aarch64-bst-linux/gcc/aarch64-bst-linux/8.3.0/liblto_plugin.so -plugin-opt=/opt/bstos/linux-23/sysroots/x86_64-bstsdk-linux/usr/libexec/aarch64-bst-linux/gcc/aarch64-bst-linux/8.3.0/lto-wrapper -plugin-opt=-fresolution=/tmp/ccIoHSlh.res -plugin-opt=-pass-through=-lgcc -plugin-opt=-pass-through=-lgcc_s -plugin-opt=-pass-through=-lc -plugin-opt=-pass-through=-lgcc -plugin-opt=-pass-through=-lgcc_s --sysroot=/opt/bstos/linux-23/sysroots/aarch64-bst-linux --build-id --eh-frame-hdr --hash-style=gnu -dynamic-linker /lib/ld-linux-aarch64.so.1 -X -EL -maarch64linux -o cmTC_b7dc8 /opt/bstos/linux-23/sysroots/aarch64-bst-linux/usr/lib/crt1.o /opt/bstos/linux-23/sysroots/aarch64-bst-linux/usr/lib/crti.o /opt/bstos/linux-23/sysroots/aarch64-bst-linux/usr/lib/aarch64-bst-linux/8.3.0/crtbegin.o -L/opt/bstos/linux-23/sysroots/x86_64-bstsdk-linux/usr/lib/aarch64-bst-linux/gcc/aarch64-bst-linux/8.3.0 -L/opt/bstos/linux-23/sysroots/aarch64-bst-linux/lib -L/opt/bstos/linux-23/sysroots/aarch64-bst-linux/usr/lib/aarch64-bst-linux/8.3.0 -L/opt/bstos/linux-23/sysroots/aarch64-bst-linux/usr/lib -O1 --hash-style=gnu --as-needed CMakeFiles/cmTC_b7dc8.dir/CMakeCCompilerABI.c.o -lgcc --as-needed -lgcc_s --no-as-needed -lc -lgcc --as-needed -lgcc_s --no-as-needed /opt/bstos/linux-23/sysroots/aarch64-bst-linux/usr/lib/aarch64-bst-linux/8.3.0/crtend.o /opt/bstos/linux-23/sysroots/aarch64-bst-linux/usr/lib/crtn.o]
    arg [/opt/bstos/linux-23/sysroots/x86_64-bstsdk-linux/usr/libexec/aarch64-bst-linux/gcc/aarch64-bst-linux/8.3.0/collect2] ==> ignore
    arg [-plugin] ==> ignore
    arg [/opt/bstos/linux-23/sysroots/x86_64-bstsdk-linux/usr/libexec/aarch64-bst-linux/gcc/aarch64-bst-linux/8.3.0/liblto_plugin.so] ==> ignore
    arg [-plugin-opt=/opt/bstos/linux-23/sysroots/x86_64-bstsdk-linux/usr/libexec/aarch64-bst-linux/gcc/aarch64-bst-linux/8.3.0/lto-wrapper] ==> ignore
    arg [-plugin-opt=-fresolution=/tmp/ccIoHSlh.res] ==> ignore
    arg [-plugin-opt=-pass-through=-lgcc] ==> ignore
    arg [-plugin-opt=-pass-through=-lgcc_s] ==> ignore
    arg [-plugin-opt=-pass-through=-lc] ==> ignore
    arg [-plugin-opt=-pass-through=-lgcc] ==> ignore
    arg [-plugin-opt=-pass-through=-lgcc_s] ==> ignore
    arg [--sysroot=/opt/bstos/linux-23/sysroots/aarch64-bst-linux] ==> ignore
    arg [--build-id] ==> ignore
    arg [--eh-frame-hdr] ==> ignore
    arg [--hash-style=gnu] ==> ignore
    arg [-dynamic-linker] ==> ignore
    arg [/lib/ld-linux-aarch64.so.1] ==> ignore
    arg [-X] ==> ignore
    arg [-EL] ==> ignore
    arg [-maarch64linux] ==> ignore
    arg [-o] ==> ignore
    arg [cmTC_b7dc8] ==> ignore
    arg [/opt/bstos/linux-23/sysroots/aarch64-bst-linux/usr/lib/crt1.o] ==> ignore
    arg [/opt/bstos/linux-23/sysroots/aarch64-bst-linux/usr/lib/crti.o] ==> ignore
    arg [/opt/bstos/linux-23/sysroots/aarch64-bst-linux/usr/lib/aarch64-bst-linux/8.3.0/crtbegin.o] ==> ignore
    arg [-L/opt/bstos/linux-23/sysroots/x86_64-bstsdk-linux/usr/lib/aarch64-bst-linux/gcc/aarch64-bst-linux/8.3.0] ==> dir [/opt/bstos/linux-23/sysroots/x86_64-bstsdk-linux/usr/lib/aarch64-bst-linux/gcc/aarch64-bst-linux/8.3.0]
    arg [-L/opt/bstos/linux-23/sysroots/aarch64-bst-linux/lib] ==> dir [/opt/bstos/linux-23/sysroots/aarch64-bst-linux/lib]
    arg [-L/opt/bstos/linux-23/sysroots/aarch64-bst-linux/usr/lib/aarch64-bst-linux/8.3.0] ==> dir [/opt/bstos/linux-23/sysroots/aarch64-bst-linux/usr/lib/aarch64-bst-linux/8.3.0]
    arg [-L/opt/bstos/linux-23/sysroots/aarch64-bst-linux/usr/lib] ==> dir [/opt/bstos/linux-23/sysroots/aarch64-bst-linux/usr/lib]
    arg [-O1] ==> ignore
    arg [--hash-style=gnu] ==> ignore
    arg [--as-needed] ==> ignore
    arg [CMakeFiles/cmTC_b7dc8.dir/CMakeCCompilerABI.c.o] ==> ignore
    arg [-lgcc] ==> lib [gcc]
    arg [--as-needed] ==> ignore
    arg [-lgcc_s] ==> lib [gcc_s]
    arg [--no-as-needed] ==> ignore
    arg [-lc] ==> lib [c]
    arg [-lgcc] ==> lib [gcc]
    arg [--as-needed] ==> ignore
    arg [-lgcc_s] ==> lib [gcc_s]
    arg [--no-as-needed] ==> ignore
    arg [/opt/bstos/linux-23/sysroots/aarch64-bst-linux/usr/lib/aarch64-bst-linux/8.3.0/crtend.o] ==> ignore
    arg [/opt/bstos/linux-23/sysroots/aarch64-bst-linux/usr/lib/crtn.o] ==> ignore
  collapse library dir [/opt/bstos/linux-23/sysroots/x86_64-bstsdk-linux/usr/lib/aarch64-bst-linux/gcc/aarch64-bst-linux/8.3.0] ==> [/opt/bstos/linux-23/sysroots/x86_64-bstsdk-linux/usr/lib/aarch64-bst-linux/gcc/aarch64-bst-linux/8.3.0]
  collapse library dir [/opt/bstos/linux-23/sysroots/aarch64-bst-linux/lib] ==> [/opt/bstos/linux-23/sysroots/aarch64-bst-linux/lib]
  collapse library dir [/opt/bstos/linux-23/sysroots/aarch64-bst-linux/usr/lib/aarch64-bst-linux/8.3.0] ==> [/opt/bstos/linux-23/sysroots/aarch64-bst-linux/usr/lib/aarch64-bst-linux/8.3.0]
  collapse library dir [/opt/bstos/linux-23/sysroots/aarch64-bst-linux/usr/lib] ==> [/opt/bstos/linux-23/sysroots/aarch64-bst-linux/usr/lib]
  implicit libs: [gcc;gcc_s;c;gcc;gcc_s]
  implicit dirs: [/opt/bstos/linux-23/sysroots/x86_64-bstsdk-linux/usr/lib/aarch64-bst-linux/gcc/aarch64-bst-linux/8.3.0;/opt/bstos/linux-23/sysroots/aarch64-bst-linux/lib;/opt/bstos/linux-23/sysroots/aarch64-bst-linux/usr/lib/aarch64-bst-linux/8.3.0;/opt/bstos/linux-23/sysroots/aarch64-bst-linux/usr/lib]
  implicit fwks: []


Detecting CXX compiler ABI info compiled with the following output:
Change Dir: /workspace/model_encryption/build/CMakeFiles/CMakeTmp

Run Build Command(s):/usr/bin/make cmTC_64311/fast && /usr/bin/make  -f CMakeFiles/cmTC_64311.dir/build.make CMakeFiles/cmTC_64311.dir/build
make[1]: Entering directory '/workspace/model_encryption/build/CMakeFiles/CMakeTmp'
Building CXX object CMakeFiles/cmTC_64311.dir/CMakeCXXCompilerABI.cpp.o
/opt/bstos/linux-23/sysroots/x86_64-bstsdk-linux/usr/bin/aarch64-bst-linux/aarch64-bst-linux-g++   --sysroot=/opt/bstos/linux-23/sysroots/aarch64-bst-linux --sysroot=/opt/bstos/linux-23/sysroots/aarch64-bst-linux   -O2 -pipe -g -feliminate-unused-debug-types     -v -o CMakeFiles/cmTC_64311.dir/CMakeCXXCompilerABI.cpp.o -c /opt/bstos/linux-23/sysroots/x86_64-bstsdk-linux/usr/share/cmake-3.18/Modules/CMakeCXXCompilerABI.cpp
Using built-in specs.
COLLECT_GCC=/opt/bstos/linux-23/sysroots/x86_64-bstsdk-linux/usr/bin/aarch64-bst-linux/aarch64-bst-linux-g++
Target: aarch64-bst-linux
Configured with: ../../../../../../work-shared/gcc-8.3.0-r0/gcc-8.3.0/configure --build=x86_64-linux --host=x86_64-bstsdk-linux --target=aarch64-bst-linux --prefix=/opt/bstos/linux-23/sysroots/x86_64-bstsdk-linux/usr --exec_prefix=/opt/bstos/linux-23/sysroots/x86_64-bstsdk-linux/usr --bindir=/opt/bstos/linux-23/sysroots/x86_64-bstsdk-linux/usr/bin/aarch64-bst-linux --sbindir=/opt/bstos/linux-23/sysroots/x86_64-bstsdk-linux/usr/bin/aarch64-bst-linux --libexecdir=/opt/bstos/linux-23/sysroots/x86_64-bstsdk-linux/usr/libexec/aarch64-bst-linux --datadir=/opt/bstos/linux-23/sysroots/x86_64-bstsdk-linux/usr/share --sysconfdir=/opt/bstos/linux-23/sysroots/x86_64-bstsdk-linux/etc --sharedstatedir=/opt/bstos/linux-23/sysroots/x86_64-bstsdk-linux/com --localstatedir=/opt/bstos/linux-23/sysroots/x86_64-bstsdk-linux/var --libdir=/opt/bstos/linux-23/sysroots/x86_64-bstsdk-linux/usr/lib/aarch64-bst-linux --includedir=/opt/bstos/linux-23/sysroots/x86_64-bstsdk-linux/usr/include --oldincludedir=/opt/bstos/linux-23/sysroots/x86_64-bstsdk-linux/usr/include --infodir=/opt/bstos/linux-23/sysroots/x86_64-bstsdk-linux/usr/share/info --mandir=/opt/bstos/linux-23/sysroots/x86_64-bstsdk-linux/usr/share/man --disable-silent-rules --disable-dependency-tracking --with-libtool-sysroot=/home/jenkins.cd/jenkins_workspace/LINUX_SDK_build_sdk_flatpak/bstos/build/tmp/work/x86_64-nativesdk-bstsdk-linux/gcc-cross-canadian-aarch64/8.3.0-r0/recipe-sysroot --with-gnu-ld --enable-shared --enable-languages=c,c++,fortran --enable-threads=posix --enable-multilib --enable-c99 --enable-long-long --enable-symvers=gnu --enable-libstdcxx-pch --program-prefix=aarch64-bst-linux- --without-local-prefix --enable-lto --disable-libssp --enable-libitm --disable-bootstrap --disable-libmudflap --with-system-zlib --with-linker-hash-style=gnu --enable-linker-build-id --with-ppl=no --with-cloog=no --enable-checking=release --enable-cheaders=c_global --without-isl --with-gxx-include-dir=/not/exist/usr/include/c++/8.3.0 --with-build-time-tools=/home/jenkins.cd/jenkins_workspace/LINUX_SDK_build_sdk_flatpak/bstos/build/tmp/work/x86_64-nativesdk-bstsdk-linux/gcc-cross-canadian-aarch64/8.3.0-r0/recipe-sysroot-native/usr/aarch64-bst-linux/bin --with-sysroot=/not/exist --with-build-sysroot=/home/jenkins.cd/jenkins_workspace/LINUX_SDK_build_sdk_flatpak/bstos/build/tmp/work/x86_64-nativesdk-bstsdk-linux/gcc-cross-canadian-aarch64/8.3.0-r0/recipe-sysroot --without-long-double-128 libgcc_cv_powerpc_float128=no --enable-poison-system-directories --enable-nls --with-glibc-version=2.28 --enable-initfini-array --enable-__cxa_atexit
Thread model: posix
gcc version 8.3.0 (GCC) 
COLLECT_GCC_OPTIONS='--sysroot=/opt/bstos/linux-23/sysroots/aarch64-bst-linux' '-O2' '-pipe' '-g' '-feliminate-unused-debug-types' '-v' '-o' 'CMakeFiles/cmTC_64311.dir/CMakeCXXCompilerABI.cpp.o' '-c' '-shared-libgcc' '-mlittle-endian' '-mabi=lp64'
 /opt/bstos/linux-23/sysroots/x86_64-bstsdk-linux/usr/libexec/aarch64-bst-linux/gcc/aarch64-bst-linux/8.3.0/cc1plus -quiet -v -isysroot /opt/bstos/linux-23/sysroots/aarch64-bst-linux -D_GNU_SOURCE /opt/bstos/linux-23/sysroots/x86_64-bstsdk-linux/usr/share/cmake-3.18/Modules/CMakeCXXCompilerABI.cpp -quiet -dumpbase CMakeCXXCompilerABI.cpp -mlittle-endian -mabi=lp64 -auxbase-strip CMakeFiles/cmTC_64311.dir/CMakeCXXCompilerABI.cpp.o -g -O2 -version -feliminate-unused-debug-types -o - |
 /opt/bstos/linux-23/sysroots/x86_64-bstsdk-linux/usr/libexec/aarch64-bst-linux/gcc/aarch64-bst-linux/8.3.0/as -v -EL -mabi=lp64 -o CMakeFiles/cmTC_64311.dir/CMakeCXXCompilerABI.cpp.o
GNU assembler version 2.32.0 (aarch64-bst-linux) using BFD version (GNU Binutils) 2.32.0.20190204
GNU C++14 (GCC) version 8.3.0 (aarch64-bst-linux)
	compiled by GNU C version 8.3.0, GMP version 6.1.2, MPFR version 4.0.2, MPC version 1.1.0, isl version none
GGC heuristics: --param ggc-min-expand=100 --param ggc-min-heapsize=131072
ignoring nonexistent directory "/opt/bstos/linux-23/sysroots/aarch64-bst-linux/usr/local/include"
ignoring nonexistent directory "/opt/bstos/linux-23/sysroots/x86_64-bstsdk-linux/usr/lib/aarch64-bst-linux/gcc/aarch64-bst-linux/8.3.0/../../../../../aarch64-bst-linux/include"
#include "..." search starts here:
#include <...> search starts here:
 /opt/bstos/linux-23/sysroots/aarch64-bst-linux/usr/include/c++/8.3.0
 /opt/bstos/linux-23/sysroots/aarch64-bst-linux/usr/include/c++/8.3.0/aarch64-bst-linux
 /opt/bstos/linux-23/sysroots/aarch64-bst-linux/usr/include/c++/8.3.0/backward
 /opt/bstos/linux-23/sysroots/x86_64-bstsdk-linux/usr/lib/aarch64-bst-linux/gcc/aarch64-bst-linux/8.3.0/include
 /opt/bstos/linux-23/sysroots/aarch64-bst-linux/usr/lib/gcc/aarch64-bst-linux/8.3.0/include
 /opt/bstos/linux-23/sysroots/x86_64-bstsdk-linux/usr/lib/aarch64-bst-linux/gcc/aarch64-bst-linux/8.3.0/include-fixed
 /opt/bstos/linux-23/sysroots/aarch64-bst-linux/usr/include/
End of search list.
GNU C++14 (GCC) version 8.3.0 (aarch64-bst-linux)
	compiled by GNU C version 8.3.0, GMP version 6.1.2, MPFR version 4.0.2, MPC version 1.1.0, isl version none
GGC heuristics: --param ggc-min-expand=100 --param ggc-min-heapsize=131072
Compiler executable checksum: 32ecc1380f55a1a6e062a93b3f4df872
COMPILER_PATH=/opt/bstos/linux-23/sysroots/x86_64-bstsdk-linux/usr/libexec/aarch64-bst-linux/gcc/aarch64-bst-linux/8.3.0/:/opt/bstos/linux-23/sysroots/x86_64-bstsdk-linux/usr/libexec/aarch64-bst-linux/gcc/aarch64-bst-linux/8.3.0/:/opt/bstos/linux-23/sysroots/x86_64-bstsdk-linux/usr/libexec/aarch64-bst-linux/gcc/aarch64-bst-linux/:/opt/bstos/linux-23/sysroots/x86_64-bstsdk-linux/usr/lib/aarch64-bst-linux/gcc/aarch64-bst-linux/8.3.0/:/opt/bstos/linux-23/sysroots/x86_64-bstsdk-linux/usr/lib/aarch64-bst-linux/gcc/aarch64-bst-linux/
LIBRARY_PATH=/opt/bstos/linux-23/sysroots/x86_64-bstsdk-linux/usr/lib/aarch64-bst-linux/gcc/aarch64-bst-linux/8.3.0/:/opt/bstos/linux-23/sysroots/aarch64-bst-linux/lib/:/opt/bstos/linux-23/sysroots/aarch64-bst-linux/usr/lib/aarch64-bst-linux/8.3.0/:/opt/bstos/linux-23/sysroots/aarch64-bst-linux/usr/lib/
COLLECT_GCC_OPTIONS='--sysroot=/opt/bstos/linux-23/sysroots/aarch64-bst-linux' '-O2' '-pipe' '-g' '-feliminate-unused-debug-types' '-v' '-o' 'CMakeFiles/cmTC_64311.dir/CMakeCXXCompilerABI.cpp.o' '-c' '-shared-libgcc' '-mlittle-endian' '-mabi=lp64'
Linking CXX executable cmTC_64311
/opt/bstos/linux-23/sysroots/x86_64-bstsdk-linux/usr/bin/cmake -E cmake_link_script CMakeFiles/cmTC_64311.dir/link.txt --verbose=1
/opt/bstos/linux-23/sysroots/x86_64-bstsdk-linux/usr/bin/aarch64-bst-linux/aarch64-bst-linux-g++   --sysroot=/opt/bstos/linux-23/sysroots/aarch64-bst-linux --sysroot=/opt/bstos/linux-23/sysroots/aarch64-bst-linux  -O2 -pipe -g -feliminate-unused-debug-types   -Wl,-O1 -Wl,--hash-style=gnu -Wl,--as-needed -v CMakeFiles/cmTC_64311.dir/CMakeCXXCompilerABI.cpp.o -o cmTC_64311 
Using built-in specs.
COLLECT_GCC=/opt/bstos/linux-23/sysroots/x86_64-bstsdk-linux/usr/bin/aarch64-bst-linux/aarch64-bst-linux-g++
COLLECT_LTO_WRAPPER=/opt/bstos/linux-23/sysroots/x86_64-bstsdk-linux/usr/libexec/aarch64-bst-linux/gcc/aarch64-bst-linux/8.3.0/lto-wrapper
Target: aarch64-bst-linux
Configured with: ../../../../../../work-shared/gcc-8.3.0-r0/gcc-8.3.0/configure --build=x86_64-linux --host=x86_64-bstsdk-linux --target=aarch64-bst-linux --prefix=/opt/bstos/linux-23/sysroots/x86_64-bstsdk-linux/usr --exec_prefix=/opt/bstos/linux-23/sysroots/x86_64-bstsdk-linux/usr --bindir=/opt/bstos/linux-23/sysroots/x86_64-bstsdk-linux/usr/bin/aarch64-bst-linux --sbindir=/opt/bstos/linux-23/sysroots/x86_64-bstsdk-linux/usr/bin/aarch64-bst-linux --libexecdir=/opt/bstos/linux-23/sysroots/x86_64-bstsdk-linux/usr/libexec/aarch64-bst-linux --datadir=/opt/bstos/linux-23/sysroots/x86_64-bstsdk-linux/usr/share --sysconfdir=/opt/bstos/linux-23/sysroots/x86_64-bstsdk-linux/etc --sharedstatedir=/opt/bstos/linux-23/sysroots/x86_64-bstsdk-linux/com --localstatedir=/opt/bstos/linux-23/sysroots/x86_64-bstsdk-linux/var --libdir=/opt/bstos/linux-23/sysroots/x86_64-bstsdk-linux/usr/lib/aarch64-bst-linux --includedir=/opt/bstos/linux-23/sysroots/x86_64-bstsdk-linux/usr/include --oldincludedir=/opt/bstos/linux-23/sysroots/x86_64-bstsdk-linux/usr/include --infodir=/opt/bstos/linux-23/sysroots/x86_64-bstsdk-linux/usr/share/info --mandir=/opt/bstos/linux-23/sysroots/x86_64-bstsdk-linux/usr/share/man --disable-silent-rules --disable-dependency-tracking --with-libtool-sysroot=/home/jenkins.cd/jenkins_workspace/LINUX_SDK_build_sdk_flatpak/bstos/build/tmp/work/x86_64-nativesdk-bstsdk-linux/gcc-cross-canadian-aarch64/8.3.0-r0/recipe-sysroot --with-gnu-ld --enable-shared --enable-languages=c,c++,fortran --enable-threads=posix --enable-multilib --enable-c99 --enable-long-long --enable-symvers=gnu --enable-libstdcxx-pch --program-prefix=aarch64-bst-linux- --without-local-prefix --enable-lto --disable-libssp --enable-libitm --disable-bootstrap --disable-libmudflap --with-system-zlib --with-linker-hash-style=gnu --enable-linker-build-id --with-ppl=no --with-cloog=no --enable-checking=release --enable-cheaders=c_global --without-isl --with-gxx-include-dir=/not/exist/usr/include/c++/8.3.0 --with-build-time-tools=/home/jenkins.cd/jenkins_workspace/LINUX_SDK_build_sdk_flatpak/bstos/build/tmp/work/x86_64-nativesdk-bstsdk-linux/gcc-cross-canadian-aarch64/8.3.0-r0/recipe-sysroot-native/usr/aarch64-bst-linux/bin --with-sysroot=/not/exist --with-build-sysroot=/home/jenkins.cd/jenkins_workspace/LINUX_SDK_build_sdk_flatpak/bstos/build/tmp/work/x86_64-nativesdk-bstsdk-linux/gcc-cross-canadian-aarch64/8.3.0-r0/recipe-sysroot --without-long-double-128 libgcc_cv_powerpc_float128=no --enable-poison-system-directories --enable-nls --with-glibc-version=2.28 --enable-initfini-array --enable-__cxa_atexit
Thread model: posix
gcc version 8.3.0 (GCC) 
COMPILER_PATH=/opt/bstos/linux-23/sysroots/x86_64-bstsdk-linux/usr/libexec/aarch64-bst-linux/gcc/aarch64-bst-linux/8.3.0/:/opt/bstos/linux-23/sysroots/x86_64-bstsdk-linux/usr/libexec/aarch64-bst-linux/gcc/aarch64-bst-linux/8.3.0/:/opt/bstos/linux-23/sysroots/x86_64-bstsdk-linux/usr/libexec/aarch64-bst-linux/gcc/aarch64-bst-linux/:/opt/bstos/linux-23/sysroots/x86_64-bstsdk-linux/usr/lib/aarch64-bst-linux/gcc/aarch64-bst-linux/8.3.0/:/opt/bstos/linux-23/sysroots/x86_64-bstsdk-linux/usr/lib/aarch64-bst-linux/gcc/aarch64-bst-linux/
LIBRARY_PATH=/opt/bstos/linux-23/sysroots/x86_64-bstsdk-linux/usr/lib/aarch64-bst-linux/gcc/aarch64-bst-linux/8.3.0/:/opt/bstos/linux-23/sysroots/aarch64-bst-linux/lib/:/opt/bstos/linux-23/sysroots/aarch64-bst-linux/usr/lib/aarch64-bst-linux/8.3.0/:/opt/bstos/linux-23/sysroots/aarch64-bst-linux/usr/lib/
COLLECT_GCC_OPTIONS='--sysroot=/opt/bstos/linux-23/sysroots/aarch64-bst-linux' '-O2' '-pipe' '-g' '-feliminate-unused-debug-types' '-v' '-o' 'cmTC_64311' '-shared-libgcc' '-mlittle-endian' '-mabi=lp64'
 /opt/bstos/linux-23/sysroots/x86_64-bstsdk-linux/usr/libexec/aarch64-bst-linux/gcc/aarch64-bst-linux/8.3.0/collect2 -plugin /opt/bstos/linux-23/sysroots/x86_64-bstsdk-linux/usr/libexec/aarch64-bst-linux/gcc/aarch64-bst-linux/8.3.0/liblto_plugin.so -plugin-opt=/opt/bstos/linux-23/sysroots/x86_64-bstsdk-linux/usr/libexec/aarch64-bst-linux/gcc/aarch64-bst-linux/8.3.0/lto-wrapper -plugin-opt=-fresolution=/tmp/ccRNCwYi.res -plugin-opt=-pass-through=-lgcc_s -plugin-opt=-pass-through=-lgcc -plugin-opt=-pass-through=-lc -plugin-opt=-pass-through=-lgcc_s -plugin-opt=-pass-through=-lgcc --sysroot=/opt/bstos/linux-23/sysroots/aarch64-bst-linux --build-id --eh-frame-hdr --hash-style=gnu -dynamic-linker /lib/ld-linux-aarch64.so.1 -X -EL -maarch64linux -o cmTC_64311 /opt/bstos/linux-23/sysroots/aarch64-bst-linux/usr/lib/crt1.o /opt/bstos/linux-23/sysroots/aarch64-bst-linux/usr/lib/crti.o /opt/bstos/linux-23/sysroots/aarch64-bst-linux/usr/lib/aarch64-bst-linux/8.3.0/crtbegin.o -L/opt/bstos/linux-23/sysroots/x86_64-bstsdk-linux/usr/lib/aarch64-bst-linux/gcc/aarch64-bst-linux/8.3.0 -L/opt/bstos/linux-23/sysroots/aarch64-bst-linux/lib -L/opt/bstos/linux-23/sysroots/aarch64-bst-linux/usr/lib/aarch64-bst-linux/8.3.0 -L/opt/bstos/linux-23/sysroots/aarch64-bst-linux/usr/lib -O1 --hash-style=gnu --as-needed CMakeFiles/cmTC_64311.dir/CMakeCXXCompilerABI.cpp.o -lstdc++ -lm -lgcc_s -lgcc -lc -lgcc_s -lgcc /opt/bstos/linux-23/sysroots/aarch64-bst-linux/usr/lib/aarch64-bst-linux/8.3.0/crtend.o /opt/bstos/linux-23/sysroots/aarch64-bst-linux/usr/lib/crtn.o
COLLECT_GCC_OPTIONS='--sysroot=/opt/bstos/linux-23/sysroots/aarch64-bst-linux' '-O2' '-pipe' '-g' '-feliminate-unused-debug-types' '-v' '-o' 'cmTC_64311' '-shared-libgcc' '-mlittle-endian' '-mabi=lp64'
make[1]: Leaving directory '/workspace/model_encryption/build/CMakeFiles/CMakeTmp'



Parsed CXX implicit include dir info from above output: rv=done
  found start of include info
  found start of implicit include info
    add: [/opt/bstos/linux-23/sysroots/aarch64-bst-linux/usr/include/c++/8.3.0]
    add: [/opt/bstos/linux-23/sysroots/aarch64-bst-linux/usr/include/c++/8.3.0/aarch64-bst-linux]
    add: [/opt/bstos/linux-23/sysroots/aarch64-bst-linux/usr/include/c++/8.3.0/backward]
    add: [/opt/bstos/linux-23/sysroots/x86_64-bstsdk-linux/usr/lib/aarch64-bst-linux/gcc/aarch64-bst-linux/8.3.0/include]
    add: [/opt/bstos/linux-23/sysroots/aarch64-bst-linux/usr/lib/gcc/aarch64-bst-linux/8.3.0/include]
    add: [/opt/bstos/linux-23/sysroots/x86_64-bstsdk-linux/usr/lib/aarch64-bst-linux/gcc/aarch64-bst-linux/8.3.0/include-fixed]
    add: [/opt/bstos/linux-23/sysroots/aarch64-bst-linux/usr/include/]
  end of search list found
  collapse include dir [/opt/bstos/linux-23/sysroots/aarch64-bst-linux/usr/include/c++/8.3.0] ==> [/opt/bstos/linux-23/sysroots/aarch64-bst-linux/usr/include/c++/8.3.0]
  collapse include dir [/opt/bstos/linux-23/sysroots/aarch64-bst-linux/usr/include/c++/8.3.0/aarch64-bst-linux] ==> [/opt/bstos/linux-23/sysroots/aarch64-bst-linux/usr/include/c++/8.3.0/aarch64-bst-linux]
  collapse include dir [/opt/bstos/linux-23/sysroots/aarch64-bst-linux/usr/include/c++/8.3.0/backward] ==> [/opt/bstos/linux-23/sysroots/aarch64-bst-linux/usr/include/c++/8.3.0/backward]
  collapse include dir [/opt/bstos/linux-23/sysroots/x86_64-bstsdk-linux/usr/lib/aarch64-bst-linux/gcc/aarch64-bst-linux/8.3.0/include] ==> [/opt/bstos/linux-23/sysroots/x86_64-bstsdk-linux/usr/lib/aarch64-bst-linux/gcc/aarch64-bst-linux/8.3.0/include]
  collapse include dir [/opt/bstos/linux-23/sysroots/aarch64-bst-linux/usr/lib/gcc/aarch64-bst-linux/8.3.0/include] ==> [/opt/bstos/linux-23/sysroots/aarch64-bst-linux/usr/lib/gcc/aarch64-bst-linux/8.3.0/include]
  collapse include dir [/opt/bstos/linux-23/sysroots/x86_64-bstsdk-linux/usr/lib/aarch64-bst-linux/gcc/aarch64-bst-linux/8.3.0/include-fixed] ==> [/opt/bstos/linux-23/sysroots/x86_64-bstsdk-linux/usr/lib/aarch64-bst-linux/gcc/aarch64-bst-linux/8.3.0/include-fixed]
  collapse include dir [/opt/bstos/linux-23/sysroots/aarch64-bst-linux/usr/include/] ==> [/opt/bstos/linux-23/sysroots/aarch64-bst-linux/usr/include]
  implicit include dirs: [/opt/bstos/linux-23/sysroots/aarch64-bst-linux/usr/include/c++/8.3.0;/opt/bstos/linux-23/sysroots/aarch64-bst-linux/usr/include/c++/8.3.0/aarch64-bst-linux;/opt/bstos/linux-23/sysroots/aarch64-bst-linux/usr/include/c++/8.3.0/backward;/opt/bstos/linux-23/sysroots/x86_64-bstsdk-linux/usr/lib/aarch64-bst-linux/gcc/aarch64-bst-linux/8.3.0/include;/opt/bstos/linux-23/sysroots/aarch64-bst-linux/usr/lib/gcc/aarch64-bst-linux/8.3.0/include;/opt/bstos/linux-23/sysroots/x86_64-bstsdk-linux/usr/lib/aarch64-bst-linux/gcc/aarch64-bst-linux/8.3.0/include-fixed;/opt/bstos/linux-23/sysroots/aarch64-bst-linux/usr/include]


Parsed CXX implicit link information from above output:
  link line regex: [^( *|.*[/\])(aarch64-bst-linux-ld|CMAKE_LINK_STARTFILE-NOTFOUND|([^/\]+-)?ld|collect2)[^/\]*( |$)]
  ignore line: [Change Dir: /workspace/model_encryption/build/CMakeFiles/CMakeTmp]
  ignore line: []
  ignore line: [Run Build Command(s):/usr/bin/make cmTC_64311/fast && /usr/bin/make  -f CMakeFiles/cmTC_64311.dir/build.make CMakeFiles/cmTC_64311.dir/build]
  ignore line: [make[1]: Entering directory '/workspace/model_encryption/build/CMakeFiles/CMakeTmp']
  ignore line: [Building CXX object CMakeFiles/cmTC_64311.dir/CMakeCXXCompilerABI.cpp.o]
  ignore line: [/opt/bstos/linux-23/sysroots/x86_64-bstsdk-linux/usr/bin/aarch64-bst-linux/aarch64-bst-linux-g++   --sysroot=/opt/bstos/linux-23/sysroots/aarch64-bst-linux --sysroot=/opt/bstos/linux-23/sysroots/aarch64-bst-linux   -O2 -pipe -g -feliminate-unused-debug-types     -v -o CMakeFiles/cmTC_64311.dir/CMakeCXXCompilerABI.cpp.o -c /opt/bstos/linux-23/sysroots/x86_64-bstsdk-linux/usr/share/cmake-3.18/Modules/CMakeCXXCompilerABI.cpp]
  ignore line: [Using built-in specs.]
  ignore line: [COLLECT_GCC=/opt/bstos/linux-23/sysroots/x86_64-bstsdk-linux/usr/bin/aarch64-bst-linux/aarch64-bst-linux-g++]
  ignore line: [Target: aarch64-bst-linux]
  ignore line: [Configured with: ../../../../../../work-shared/gcc-8.3.0-r0/gcc-8.3.0/configure --build=x86_64-linux --host=x86_64-bstsdk-linux --target=aarch64-bst-linux --prefix=/opt/bstos/linux-23/sysroots/x86_64-bstsdk-linux/usr --exec_prefix=/opt/bstos/linux-23/sysroots/x86_64-bstsdk-linux/usr --bindir=/opt/bstos/linux-23/sysroots/x86_64-bstsdk-linux/usr/bin/aarch64-bst-linux --sbindir=/opt/bstos/linux-23/sysroots/x86_64-bstsdk-linux/usr/bin/aarch64-bst-linux --libexecdir=/opt/bstos/linux-23/sysroots/x86_64-bstsdk-linux/usr/libexec/aarch64-bst-linux --datadir=/opt/bstos/linux-23/sysroots/x86_64-bstsdk-linux/usr/share --sysconfdir=/opt/bstos/linux-23/sysroots/x86_64-bstsdk-linux/etc --sharedstatedir=/opt/bstos/linux-23/sysroots/x86_64-bstsdk-linux/com --localstatedir=/opt/bstos/linux-23/sysroots/x86_64-bstsdk-linux/var --libdir=/opt/bstos/linux-23/sysroots/x86_64-bstsdk-linux/usr/lib/aarch64-bst-linux --includedir=/opt/bstos/linux-23/sysroots/x86_64-bstsdk-linux/usr/include --oldincludedir=/opt/bstos/linux-23/sysroots/x86_64-bstsdk-linux/usr/include --infodir=/opt/bstos/linux-23/sysroots/x86_64-bstsdk-linux/usr/share/info --mandir=/opt/bstos/linux-23/sysroots/x86_64-bstsdk-linux/usr/share/man --disable-silent-rules --disable-dependency-tracking --with-libtool-sysroot=/home/jenkins.cd/jenkins_workspace/LINUX_SDK_build_sdk_flatpak/bstos/build/tmp/work/x86_64-nativesdk-bstsdk-linux/gcc-cross-canadian-aarch64/8.3.0-r0/recipe-sysroot --with-gnu-ld --enable-shared --enable-languages=c,c++,fortran --enable-threads=posix --enable-multilib --enable-c99 --enable-long-long --enable-symvers=gnu --enable-libstdcxx-pch --program-prefix=aarch64-bst-linux- --without-local-prefix --enable-lto --disable-libssp --enable-libitm --disable-bootstrap --disable-libmudflap --with-system-zlib --with-linker-hash-style=gnu --enable-linker-build-id --with-ppl=no --with-cloog=no --enable-checking=release --enable-cheaders=c_global --without-isl --with-gxx-include-dir=/not/exist/usr/include/c++/8.3.0 --with-build-time-tools=/home/jenkins.cd/jenkins_workspace/LINUX_SDK_build_sdk_flatpak/bstos/build/tmp/work/x86_64-nativesdk-bstsdk-linux/gcc-cross-canadian-aarch64/8.3.0-r0/recipe-sysroot-native/usr/aarch64-bst-linux/bin --with-sysroot=/not/exist --with-build-sysroot=/home/jenkins.cd/jenkins_workspace/LINUX_SDK_build_sdk_flatpak/bstos/build/tmp/work/x86_64-nativesdk-bstsdk-linux/gcc-cross-canadian-aarch64/8.3.0-r0/recipe-sysroot --without-long-double-128 libgcc_cv_powerpc_float128=no --enable-poison-system-directories --enable-nls --with-glibc-version=2.28 --enable-initfini-array --enable-__cxa_atexit]
  ignore line: [Thread model: posix]
  ignore line: [gcc version 8.3.0 (GCC) ]
  ignore line: [COLLECT_GCC_OPTIONS='--sysroot=/opt/bstos/linux-23/sysroots/aarch64-bst-linux' '-O2' '-pipe' '-g' '-feliminate-unused-debug-types' '-v' '-o' 'CMakeFiles/cmTC_64311.dir/CMakeCXXCompilerABI.cpp.o' '-c' '-shared-libgcc' '-mlittle-endian' '-mabi=lp64']
  ignore line: [ /opt/bstos/linux-23/sysroots/x86_64-bstsdk-linux/usr/libexec/aarch64-bst-linux/gcc/aarch64-bst-linux/8.3.0/cc1plus -quiet -v -isysroot /opt/bstos/linux-23/sysroots/aarch64-bst-linux -D_GNU_SOURCE /opt/bstos/linux-23/sysroots/x86_64-bstsdk-linux/usr/share/cmake-3.18/Modules/CMakeCXXCompilerABI.cpp -quiet -dumpbase CMakeCXXCompilerABI.cpp -mlittle-endian -mabi=lp64 -auxbase-strip CMakeFiles/cmTC_64311.dir/CMakeCXXCompilerABI.cpp.o -g -O2 -version -feliminate-unused-debug-types -o - |]
  ignore line: [ /opt/bstos/linux-23/sysroots/x86_64-bstsdk-linux/usr/libexec/aarch64-bst-linux/gcc/aarch64-bst-linux/8.3.0/as -v -EL -mabi=lp64 -o CMakeFiles/cmTC_64311.dir/CMakeCXXCompilerABI.cpp.o]
  ignore line: [GNU assembler version 2.32.0 (aarch64-bst-linux) using BFD version (GNU Binutils) 2.32.0.20190204]
  ignore line: [GNU C++14 (GCC) version 8.3.0 (aarch64-bst-linux)]
  ignore line: [	compiled by GNU C version 8.3.0  GMP version 6.1.2  MPFR version 4.0.2  MPC version 1.1.0  isl version none]
  ignore line: [GGC heuristics: --param ggc-min-expand=100 --param ggc-min-heapsize=131072]
  ignore line: [ignoring nonexistent directory "/opt/bstos/linux-23/sysroots/aarch64-bst-linux/usr/local/include"]
  ignore line: [ignoring nonexistent directory "/opt/bstos/linux-23/sysroots/x86_64-bstsdk-linux/usr/lib/aarch64-bst-linux/gcc/aarch64-bst-linux/8.3.0/../../../../../aarch64-bst-linux/include"]
  ignore line: [#include "..." search starts here:]
  ignore line: [#include <...> search starts here:]
  ignore line: [ /opt/bstos/linux-23/sysroots/aarch64-bst-linux/usr/include/c++/8.3.0]
  ignore line: [ /opt/bstos/linux-23/sysroots/aarch64-bst-linux/usr/include/c++/8.3.0/aarch64-bst-linux]
  ignore line: [ /opt/bstos/linux-23/sysroots/aarch64-bst-linux/usr/include/c++/8.3.0/backward]
  ignore line: [ /opt/bstos/linux-23/sysroots/x86_64-bstsdk-linux/usr/lib/aarch64-bst-linux/gcc/aarch64-bst-linux/8.3.0/include]
  ignore line: [ /opt/bstos/linux-23/sysroots/aarch64-bst-linux/usr/lib/gcc/aarch64-bst-linux/8.3.0/include]
  ignore line: [ /opt/bstos/linux-23/sysroots/x86_64-bstsdk-linux/usr/lib/aarch64-bst-linux/gcc/aarch64-bst-linux/8.3.0/include-fixed]
  ignore line: [ /opt/bstos/linux-23/sysroots/aarch64-bst-linux/usr/include/]
  ignore line: [End of search list.]
  ignore line: [GNU C++14 (GCC) version 8.3.0 (aarch64-bst-linux)]
  ignore line: [	compiled by GNU C version 8.3.0  GMP version 6.1.2  MPFR version 4.0.2  MPC version 1.1.0  isl version none]
  ignore line: [GGC heuristics: --param ggc-min-expand=100 --param ggc-min-heapsize=131072]
  ignore line: [Compiler executable checksum: 32ecc1380f55a1a6e062a93b3f4df872]
  ignore line: [COMPILER_PATH=/opt/bstos/linux-23/sysroots/x86_64-bstsdk-linux/usr/libexec/aarch64-bst-linux/gcc/aarch64-bst-linux/8.3.0/:/opt/bstos/linux-23/sysroots/x86_64-bstsdk-linux/usr/libexec/aarch64-bst-linux/gcc/aarch64-bst-linux/8.3.0/:/opt/bstos/linux-23/sysroots/x86_64-bstsdk-linux/usr/libexec/aarch64-bst-linux/gcc/aarch64-bst-linux/:/opt/bstos/linux-23/sysroots/x86_64-bstsdk-linux/usr/lib/aarch64-bst-linux/gcc/aarch64-bst-linux/8.3.0/:/opt/bstos/linux-23/sysroots/x86_64-bstsdk-linux/usr/lib/aarch64-bst-linux/gcc/aarch64-bst-linux/]
  ignore line: [LIBRARY_PATH=/opt/bstos/linux-23/sysroots/x86_64-bstsdk-linux/usr/lib/aarch64-bst-linux/gcc/aarch64-bst-linux/8.3.0/:/opt/bstos/linux-23/sysroots/aarch64-bst-linux/lib/:/opt/bstos/linux-23/sysroots/aarch64-bst-linux/usr/lib/aarch64-bst-linux/8.3.0/:/opt/bstos/linux-23/sysroots/aarch64-bst-linux/usr/lib/]
  ignore line: [COLLECT_GCC_OPTIONS='--sysroot=/opt/bstos/linux-23/sysroots/aarch64-bst-linux' '-O2' '-pipe' '-g' '-feliminate-unused-debug-types' '-v' '-o' 'CMakeFiles/cmTC_64311.dir/CMakeCXXCompilerABI.cpp.o' '-c' '-shared-libgcc' '-mlittle-endian' '-mabi=lp64']
  ignore line: [Linking CXX executable cmTC_64311]
  ignore line: [/opt/bstos/linux-23/sysroots/x86_64-bstsdk-linux/usr/bin/cmake -E cmake_link_script CMakeFiles/cmTC_64311.dir/link.txt --verbose=1]
  ignore line: [/opt/bstos/linux-23/sysroots/x86_64-bstsdk-linux/usr/bin/aarch64-bst-linux/aarch64-bst-linux-g++   --sysroot=/opt/bstos/linux-23/sysroots/aarch64-bst-linux --sysroot=/opt/bstos/linux-23/sysroots/aarch64-bst-linux  -O2 -pipe -g -feliminate-unused-debug-types   -Wl -O1 -Wl --hash-style=gnu -Wl --as-needed -v CMakeFiles/cmTC_64311.dir/CMakeCXXCompilerABI.cpp.o -o cmTC_64311 ]
  ignore line: [Using built-in specs.]
  ignore line: [COLLECT_GCC=/opt/bstos/linux-23/sysroots/x86_64-bstsdk-linux/usr/bin/aarch64-bst-linux/aarch64-bst-linux-g++]
  ignore line: [COLLECT_LTO_WRAPPER=/opt/bstos/linux-23/sysroots/x86_64-bstsdk-linux/usr/libexec/aarch64-bst-linux/gcc/aarch64-bst-linux/8.3.0/lto-wrapper]
  ignore line: [Target: aarch64-bst-linux]
  ignore line: [Configured with: ../../../../../../work-shared/gcc-8.3.0-r0/gcc-8.3.0/configure --build=x86_64-linux --host=x86_64-bstsdk-linux --target=aarch64-bst-linux --prefix=/opt/bstos/linux-23/sysroots/x86_64-bstsdk-linux/usr --exec_prefix=/opt/bstos/linux-23/sysroots/x86_64-bstsdk-linux/usr --bindir=/opt/bstos/linux-23/sysroots/x86_64-bstsdk-linux/usr/bin/aarch64-bst-linux --sbindir=/opt/bstos/linux-23/sysroots/x86_64-bstsdk-linux/usr/bin/aarch64-bst-linux --libexecdir=/opt/bstos/linux-23/sysroots/x86_64-bstsdk-linux/usr/libexec/aarch64-bst-linux --datadir=/opt/bstos/linux-23/sysroots/x86_64-bstsdk-linux/usr/share --sysconfdir=/opt/bstos/linux-23/sysroots/x86_64-bstsdk-linux/etc --sharedstatedir=/opt/bstos/linux-23/sysroots/x86_64-bstsdk-linux/com --localstatedir=/opt/bstos/linux-23/sysroots/x86_64-bstsdk-linux/var --libdir=/opt/bstos/linux-23/sysroots/x86_64-bstsdk-linux/usr/lib/aarch64-bst-linux --includedir=/opt/bstos/linux-23/sysroots/x86_64-bstsdk-linux/usr/include --oldincludedir=/opt/bstos/linux-23/sysroots/x86_64-bstsdk-linux/usr/include --infodir=/opt/bstos/linux-23/sysroots/x86_64-bstsdk-linux/usr/share/info --mandir=/opt/bstos/linux-23/sysroots/x86_64-bstsdk-linux/usr/share/man --disable-silent-rules --disable-dependency-tracking --with-libtool-sysroot=/home/jenkins.cd/jenkins_workspace/LINUX_SDK_build_sdk_flatpak/bstos/build/tmp/work/x86_64-nativesdk-bstsdk-linux/gcc-cross-canadian-aarch64/8.3.0-r0/recipe-sysroot --with-gnu-ld --enable-shared --enable-languages=c,c++,fortran --enable-threads=posix --enable-multilib --enable-c99 --enable-long-long --enable-symvers=gnu --enable-libstdcxx-pch --program-prefix=aarch64-bst-linux- --without-local-prefix --enable-lto --disable-libssp --enable-libitm --disable-bootstrap --disable-libmudflap --with-system-zlib --with-linker-hash-style=gnu --enable-linker-build-id --with-ppl=no --with-cloog=no --enable-checking=release --enable-cheaders=c_global --without-isl --with-gxx-include-dir=/not/exist/usr/include/c++/8.3.0 --with-build-time-tools=/home/jenkins.cd/jenkins_workspace/LINUX_SDK_build_sdk_flatpak/bstos/build/tmp/work/x86_64-nativesdk-bstsdk-linux/gcc-cross-canadian-aarch64/8.3.0-r0/recipe-sysroot-native/usr/aarch64-bst-linux/bin --with-sysroot=/not/exist --with-build-sysroot=/home/jenkins.cd/jenkins_workspace/LINUX_SDK_build_sdk_flatpak/bstos/build/tmp/work/x86_64-nativesdk-bstsdk-linux/gcc-cross-canadian-aarch64/8.3.0-r0/recipe-sysroot --without-long-double-128 libgcc_cv_powerpc_float128=no --enable-poison-system-directories --enable-nls --with-glibc-version=2.28 --enable-initfini-array --enable-__cxa_atexit]
  ignore line: [Thread model: posix]
  ignore line: [gcc version 8.3.0 (GCC) ]
  ignore line: [COMPILER_PATH=/opt/bstos/linux-23/sysroots/x86_64-bstsdk-linux/usr/libexec/aarch64-bst-linux/gcc/aarch64-bst-linux/8.3.0/:/opt/bstos/linux-23/sysroots/x86_64-bstsdk-linux/usr/libexec/aarch64-bst-linux/gcc/aarch64-bst-linux/8.3.0/:/opt/bstos/linux-23/sysroots/x86_64-bstsdk-linux/usr/libexec/aarch64-bst-linux/gcc/aarch64-bst-linux/:/opt/bstos/linux-23/sysroots/x86_64-bstsdk-linux/usr/lib/aarch64-bst-linux/gcc/aarch64-bst-linux/8.3.0/:/opt/bstos/linux-23/sysroots/x86_64-bstsdk-linux/usr/lib/aarch64-bst-linux/gcc/aarch64-bst-linux/]
  ignore line: [LIBRARY_PATH=/opt/bstos/linux-23/sysroots/x86_64-bstsdk-linux/usr/lib/aarch64-bst-linux/gcc/aarch64-bst-linux/8.3.0/:/opt/bstos/linux-23/sysroots/aarch64-bst-linux/lib/:/opt/bstos/linux-23/sysroots/aarch64-bst-linux/usr/lib/aarch64-bst-linux/8.3.0/:/opt/bstos/linux-23/sysroots/aarch64-bst-linux/usr/lib/]
  ignore line: [COLLECT_GCC_OPTIONS='--sysroot=/opt/bstos/linux-23/sysroots/aarch64-bst-linux' '-O2' '-pipe' '-g' '-feliminate-unused-debug-types' '-v' '-o' 'cmTC_64311' '-shared-libgcc' '-mlittle-endian' '-mabi=lp64']
  link line: [ /opt/bstos/linux-23/sysroots/x86_64-bstsdk-linux/usr/libexec/aarch64-bst-linux/gcc/aarch64-bst-linux/8.3.0/collect2 -plugin /opt/bstos/linux-23/sysroots/x86_64-bstsdk-linux/usr/libexec/aarch64-bst-linux/gcc/aarch64-bst-linux/8.3.0/liblto_plugin.so -plugin-opt=/opt/bstos/linux-23/sysroots/x86_64-bstsdk-linux/usr/libexec/aarch64-bst-linux/gcc/aarch64-bst-linux/8.3.0/lto-wrapper -plugin-opt=-fresolution=/tmp/ccRNCwYi.res -plugin-opt=-pass-through=-lgcc_s -plugin-opt=-pass-through=-lgcc -plugin-opt=-pass-through=-lc -plugin-opt=-pass-through=-lgcc_s -plugin-opt=-pass-through=-lgcc --sysroot=/opt/bstos/linux-23/sysroots/aarch64-bst-linux --build-id --eh-frame-hdr --hash-style=gnu -dynamic-linker /lib/ld-linux-aarch64.so.1 -X -EL -maarch64linux -o cmTC_64311 /opt/bstos/linux-23/sysroots/aarch64-bst-linux/usr/lib/crt1.o /opt/bstos/linux-23/sysroots/aarch64-bst-linux/usr/lib/crti.o /opt/bstos/linux-23/sysroots/aarch64-bst-linux/usr/lib/aarch64-bst-linux/8.3.0/crtbegin.o -L/opt/bstos/linux-23/sysroots/x86_64-bstsdk-linux/usr/lib/aarch64-bst-linux/gcc/aarch64-bst-linux/8.3.0 -L/opt/bstos/linux-23/sysroots/aarch64-bst-linux/lib -L/opt/bstos/linux-23/sysroots/aarch64-bst-linux/usr/lib/aarch64-bst-linux/8.3.0 -L/opt/bstos/linux-23/sysroots/aarch64-bst-linux/usr/lib -O1 --hash-style=gnu --as-needed CMakeFiles/cmTC_64311.dir/CMakeCXXCompilerABI.cpp.o -lstdc++ -lm -lgcc_s -lgcc -lc -lgcc_s -lgcc /opt/bstos/linux-23/sysroots/aarch64-bst-linux/usr/lib/aarch64-bst-linux/8.3.0/crtend.o /opt/bstos/linux-23/sysroots/aarch64-bst-linux/usr/lib/crtn.o]
    arg [/opt/bstos/linux-23/sysroots/x86_64-bstsdk-linux/usr/libexec/aarch64-bst-linux/gcc/aarch64-bst-linux/8.3.0/collect2] ==> ignore
    arg [-plugin] ==> ignore
    arg [/opt/bstos/linux-23/sysroots/x86_64-bstsdk-linux/usr/libexec/aarch64-bst-linux/gcc/aarch64-bst-linux/8.3.0/liblto_plugin.so] ==> ignore
    arg [-plugin-opt=/opt/bstos/linux-23/sysroots/x86_64-bstsdk-linux/usr/libexec/aarch64-bst-linux/gcc/aarch64-bst-linux/8.3.0/lto-wrapper] ==> ignore
    arg [-plugin-opt=-fresolution=/tmp/ccRNCwYi.res] ==> ignore
    arg [-plugin-opt=-pass-through=-lgcc_s] ==> ignore
    arg [-plugin-opt=-pass-through=-lgcc] ==> ignore
    arg [-plugin-opt=-pass-through=-lc] ==> ignore
    arg [-plugin-opt=-pass-through=-lgcc_s] ==> ignore
    arg [-plugin-opt=-pass-through=-lgcc] ==> ignore
    arg [--sysroot=/opt/bstos/linux-23/sysroots/aarch64-bst-linux] ==> ignore
    arg [--build-id] ==> ignore
    arg [--eh-frame-hdr] ==> ignore
    arg [--hash-style=gnu] ==> ignore
    arg [-dynamic-linker] ==> ignore
    arg [/lib/ld-linux-aarch64.so.1] ==> ignore
    arg [-X] ==> ignore
    arg [-EL] ==> ignore
    arg [-maarch64linux] ==> ignore
    arg [-o] ==> ignore
    arg [cmTC_64311] ==> ignore
    arg [/opt/bstos/linux-23/sysroots/aarch64-bst-linux/usr/lib/crt1.o] ==> ignore
    arg [/opt/bstos/linux-23/sysroots/aarch64-bst-linux/usr/lib/crti.o] ==> ignore
    arg [/opt/bstos/linux-23/sysroots/aarch64-bst-linux/usr/lib/aarch64-bst-linux/8.3.0/crtbegin.o] ==> ignore
    arg [-L/opt/bstos/linux-23/sysroots/x86_64-bstsdk-linux/usr/lib/aarch64-bst-linux/gcc/aarch64-bst-linux/8.3.0] ==> dir [/opt/bstos/linux-23/sysroots/x86_64-bstsdk-linux/usr/lib/aarch64-bst-linux/gcc/aarch64-bst-linux/8.3.0]
    arg [-L/opt/bstos/linux-23/sysroots/aarch64-bst-linux/lib] ==> dir [/opt/bstos/linux-23/sysroots/aarch64-bst-linux/lib]
    arg [-L/opt/bstos/linux-23/sysroots/aarch64-bst-linux/usr/lib/aarch64-bst-linux/8.3.0] ==> dir [/opt/bstos/linux-23/sysroots/aarch64-bst-linux/usr/lib/aarch64-bst-linux/8.3.0]
    arg [-L/opt/bstos/linux-23/sysroots/aarch64-bst-linux/usr/lib] ==> dir [/opt/bstos/linux-23/sysroots/aarch64-bst-linux/usr/lib]
    arg [-O1] ==> ignore
    arg [--hash-style=gnu] ==> ignore
    arg [--as-needed] ==> ignore
    arg [CMakeFiles/cmTC_64311.dir/CMakeCXXCompilerABI.cpp.o] ==> ignore
    arg [-lstdc++] ==> lib [stdc++]
    arg [-lm] ==> lib [m]
    arg [-lgcc_s] ==> lib [gcc_s]
    arg [-lgcc] ==> lib [gcc]
    arg [-lc] ==> lib [c]
    arg [-lgcc_s] ==> lib [gcc_s]
    arg [-lgcc] ==> lib [gcc]
    arg [/opt/bstos/linux-23/sysroots/aarch64-bst-linux/usr/lib/aarch64-bst-linux/8.3.0/crtend.o] ==> ignore
    arg [/opt/bstos/linux-23/sysroots/aarch64-bst-linux/usr/lib/crtn.o] ==> ignore
  collapse library dir [/opt/bstos/linux-23/sysroots/x86_64-bstsdk-linux/usr/lib/aarch64-bst-linux/gcc/aarch64-bst-linux/8.3.0] ==> [/opt/bstos/linux-23/sysroots/x86_64-bstsdk-linux/usr/lib/aarch64-bst-linux/gcc/aarch64-bst-linux/8.3.0]
  collapse library dir [/opt/bstos/linux-23/sysroots/aarch64-bst-linux/lib] ==> [/opt/bstos/linux-23/sysroots/aarch64-bst-linux/lib]
  collapse library dir [/opt/bstos/linux-23/sysroots/aarch64-bst-linux/usr/lib/aarch64-bst-linux/8.3.0] ==> [/opt/bstos/linux-23/sysroots/aarch64-bst-linux/usr/lib/aarch64-bst-linux/8.3.0]
  collapse library dir [/opt/bstos/linux-23/sysroots/aarch64-bst-linux/usr/lib] ==> [/opt/bstos/linux-23/sysroots/aarch64-bst-linux/usr/lib]
  implicit libs: [stdc++;m;gcc_s;gcc;c;gcc_s;gcc]
  implicit dirs: [/opt/bstos/linux-23/sysroots/x86_64-bstsdk-linux/usr/lib/aarch64-bst-linux/gcc/aarch64-bst-linux/8.3.0;/opt/bstos/linux-23/sysroots/aarch64-bst-linux/lib;/opt/bstos/linux-23/sysroots/aarch64-bst-linux/usr/lib/aarch64-bst-linux/8.3.0;/opt/bstos/linux-23/sysroots/aarch64-bst-linux/usr/lib]
  implicit fwks: []


